<?xml version="1.0" encoding="UTF-8"?>
<robot generator="Robot 7.3.2 (Python 3.13.7 on win32)" generated="2025-09-17T23:03:58.484706" rpa="false" schemaversion="5">
<suite id="s1" name="Autenticacao Testes" source="C:\CursoUdemy\RobotFramework\WebTesting\autenticacao_testes.robot">
<test id="s1-t1" name="Cenario 01: Acessar a home do 'My Shop' com sucesso" line="11">
<kw name="Open Application" owner="hooks" type="SETUP">
<kw name="Open Browser" owner="SeleniumLibrary">
<msg time="2025-09-17T23:03:58.952106" level="INFO">Opening browser 'chrome' to base url 'None'.</msg>
<arg>browser=chrome</arg>
<doc>Opens a new browser instance to the optional ``url``.</doc>
<status status="PASS" start="2025-09-17T23:03:58.951900" elapsed="2.073793"/>
</kw>
<kw name="Maximize Browser Window" owner="SeleniumLibrary">
<doc>Maximizes current browser window.</doc>
<status status="PASS" start="2025-09-17T23:04:01.026135" elapsed="0.105077"/>
</kw>
<status status="PASS" start="2025-09-17T23:03:58.951002" elapsed="2.180500"/>
</kw>
<kw name="Dado que eu acesse o site 'My Shop'" owner="kws_autenticacao">
<kw name="Go To" owner="SeleniumLibrary">
<msg time="2025-09-17T23:04:01.134138" level="INFO">Opening url 'http://www.automationpractice.pl/index.php'</msg>
<arg>url=${URL}</arg>
<doc>Navigates the current browser window to the provided ``url``.</doc>
<status status="PASS" start="2025-09-17T23:04:01.133727" elapsed="6.181015"/>
</kw>
<kw name="Wait Until Element Is Visible" owner="SeleniumLibrary">
<arg>locator=${MENU_LOGIN}</arg>
<doc>Waits until the element ``locator`` is visible.</doc>
<status status="PASS" start="2025-09-17T23:04:07.316617" elapsed="0.051850"/>
</kw>
<kw name="Sleep" owner="BuiltIn">
<msg time="2025-09-17T23:04:09.369454" level="INFO">Slept 2 seconds.</msg>
<arg>2</arg>
<doc>Pauses the test executed for the given time.</doc>
<status status="PASS" start="2025-09-17T23:04:07.368688" elapsed="2.001046"/>
</kw>
<kw name="Click Button" owner="SeleniumLibrary">
<msg time="2025-09-17T23:04:09.370882" level="INFO">Clicking button '(//input[@id='search_query_top'])[1]'.</msg>
<arg>locator=${MENU_LOGIN}</arg>
<doc>Clicks the button identified by ``locator``.</doc>
<status status="PASS" start="2025-09-17T23:04:09.370262" elapsed="0.305545"/>
</kw>
<kw name="Capture Page Screenshot" owner="SeleniumLibrary">
<msg time="2025-09-17T23:04:10.020966" level="INFO" html="true">&lt;/td&gt;&lt;/tr&gt;&lt;tr&gt;&lt;td colspan="3"&gt;&lt;a href="selenium-screenshot-5.png"&gt;&lt;img src="selenium-screenshot-5.png" width="800px"&gt;&lt;/a&gt;</msg>
<doc>Takes a screenshot of the current page and embeds it into a log file.</doc>
<status status="PASS" start="2025-09-17T23:04:09.676256" elapsed="0.344892"/>
</kw>
<status status="PASS" start="2025-09-17T23:04:01.132314" elapsed="8.888971"/>
</kw>
<tag>Login</tag>
<tag>LoginAcessoSiteSucesso</tag>
<status status="PASS" start="2025-09-17T23:03:58.949992" elapsed="11.071748"/>
</test>
<doc>Acesso ao site My Shop e login</doc>
<status status="PASS" start="2025-09-17T23:03:58.486626" elapsed="11.536661"/>
</suite>
<statistics>
<total>
<stat pass="1" fail="0" skip="0">All Tests</stat>
</total>
<tag>
<stat pass="1" fail="0" skip="0">Login</stat>
<stat pass="1" fail="0" skip="0">LoginAcessoSiteSucesso</stat>
</tag>
<suite>
<stat name="Autenticacao Testes" id="s1" pass="1" fail="0" skip="0">Autenticacao Testes</stat>
</suite>
</statistics>
<errors>
</errors>
</robot>
